Start testing: Sep 23 21:42 CDT
----------------------------------------------------------
Unable to find executable: /home/spinoza/github/repos/generic_math/build/tests/test_advanced
1/61 Testing: test_advanced
1/61 Test: test_advanced
Command: ""
Directory: /home/spinoza/github/repos/generic_math/build/tests
"test_advanced" start time: 
Output:
----------------------------------------------------------
<end of output>
Test time =   0.00 sec
----------------------------------------------------------
Test Passed.
"test_advanced" end time: Sep 23 21:42 CDT
"test_advanced" time elapsed: 00:00:00
----------------------------------------------------------

Unable to find executable: /home/spinoza/github/repos/generic_math/build/tests/test_advanced_features
2/61 Testing: test_advanced_features
2/61 Test: test_advanced_features
Command: ""
Directory: /home/spinoza/github/repos/generic_math/build/tests
"test_advanced_features" start time: 
Output:
----------------------------------------------------------
<end of output>
Test time =   0.00 sec
----------------------------------------------------------
Test Passed.
"test_advanced_features" end time: Sep 23 21:42 CDT
"test_advanced_features" time elapsed: 00:00:00
----------------------------------------------------------

3/61 Testing: test_all_components
3/61 Test: test_all_components
Command: "/home/spinoza/github/repos/generic_math/build/tests/test_all_components"
Directory: /home/spinoza/github/repos/generic_math/build/tests
"test_all_components" start time: Sep 23 21:42 CDT
Output:
----------------------------------------------------------
=== Testing All New Components ===

Testing hashing components...
  Bloom filter FP rate: 1e-60
  Count-Min sketch passed
  MinHash Jaccard similarity: 0.304688
  HyperLogLog estimate: 15442 (actual: 10000)
  Consistent hashing passed
  Cuckoo hashing passed
  All hashing tests passed
Testing random number generation...
  PCG32 sample: 3270867926
  xoshiro256** sample: 15141615168980239576
  Normal distribution mean: -0.0616613
  Reservoir sampling passed
  Weighted sampling passed
  Sobol sequence passed
  Halton sequence passed
  Alias method passed
  All random tests passed
Testing error handling...
  Optional monadic operations passed
  Expected type passed
  Contract assertions passed
  Scope guard passed
  Error accumulator passed
  All error handling tests passed
Testing serialization...
  Binary serialization passed
  JSON serialization passed
  Versioned serialization passed
  Zero-copy view passed
  RLE compression passed
  All serialization tests passed

Benchmarking components...
  Bloom filter 100K inserts: 1996 μs
  HyperLogLog 1M adds: 29214 μs
  PCG32 1M generations: 0 μs
  MT19937 1M generations: 806 μs
  Binary write 100K ints: 746 μs
  Binary read 100K ints: 86 μs

=== All component tests passed! ===
<end of output>
Test time =   0.80 sec
----------------------------------------------------------
Test Passed.
"test_all_components" end time: Sep 23 21:42 CDT
"test_all_components" time elapsed: 00:00:00
----------------------------------------------------------

Unable to find executable: /home/spinoza/github/repos/generic_math/build/tests/test_allocators
4/61 Testing: test_allocators
4/61 Test: test_allocators
Command: ""
Directory: /home/spinoza/github/repos/generic_math/build/tests
"test_allocators" start time: 
Output:
----------------------------------------------------------
<end of output>
Test time =   0.00 sec
----------------------------------------------------------
Test Passed.
"test_allocators" end time: Sep 23 21:42 CDT
"test_allocators" time elapsed: 00:00:00
----------------------------------------------------------

Unable to find executable: /home/spinoza/github/repos/generic_math/build/tests/test_benchmark
5/61 Testing: test_benchmark
5/61 Test: test_benchmark
Command: ""
Directory: /home/spinoza/github/repos/generic_math/build/tests
"test_benchmark" start time: 
Output:
----------------------------------------------------------
<end of output>
Test time =   0.00 sec
----------------------------------------------------------
Test Passed.
"test_benchmark" end time: Sep 23 21:42 CDT
"test_benchmark" time elapsed: 00:00:00
----------------------------------------------------------

Unable to find executable: /home/spinoza/github/repos/generic_math/build/tests/test_bitmap
6/61 Testing: test_bitmap
6/61 Test: test_bitmap
Command: ""
Directory: /home/spinoza/github/repos/generic_math/build/tests
"test_bitmap" start time: 
Output:
----------------------------------------------------------
<end of output>
Test time =   0.00 sec
----------------------------------------------------------
Test Passed.
"test_bitmap" end time: Sep 23 21:42 CDT
"test_bitmap" time elapsed: 00:00:00
----------------------------------------------------------

Unable to find executable: /home/spinoza/github/repos/generic_math/build/tests/test_boolean
7/61 Testing: test_boolean
7/61 Test: test_boolean
Command: ""
Directory: /home/spinoza/github/repos/generic_math/build/tests
"test_boolean" start time: 
Output:
----------------------------------------------------------
<end of output>
Test time =   0.00 sec
----------------------------------------------------------
Test Passed.
"test_boolean" end time: Sep 23 21:42 CDT
"test_boolean" time elapsed: 00:00:00
----------------------------------------------------------

Unable to find executable: /home/spinoza/github/repos/generic_math/build/tests/test_compression
8/61 Testing: test_compression
8/61 Test: test_compression
Command: ""
Directory: /home/spinoza/github/repos/generic_math/build/tests
"test_compression" start time: 
Output:
----------------------------------------------------------
<end of output>
Test time =   0.00 sec
----------------------------------------------------------
Test Passed.
"test_compression" end time: Sep 23 21:42 CDT
"test_compression" time elapsed: 00:00:00
----------------------------------------------------------

Unable to find executable: /home/spinoza/github/repos/generic_math/build/tests/test_compression_advanced
9/61 Testing: test_compression_advanced
9/61 Test: test_compression_advanced
Command: ""
Directory: /home/spinoza/github/repos/generic_math/build/tests
"test_compression_advanced" start time: 
Output:
----------------------------------------------------------
<end of output>
Test time =   0.00 sec
----------------------------------------------------------
Test Passed.
"test_compression_advanced" end time: Sep 23 21:42 CDT
"test_compression_advanced" time elapsed: 00:00:00
----------------------------------------------------------

Unable to find executable: /home/spinoza/github/repos/generic_math/build/tests/test_compression_simple
10/61 Testing: test_compression_simple
10/61 Test: test_compression_simple
Command: ""
Directory: /home/spinoza/github/repos/generic_math/build/tests
"test_compression_simple" start time: 
Output:
----------------------------------------------------------
<end of output>
Test time =   0.00 sec
----------------------------------------------------------
Test Passed.
"test_compression_simple" end time: Sep 23 21:42 CDT
"test_compression_simple" time elapsed: 00:00:00
----------------------------------------------------------

Unable to find executable: /home/spinoza/github/repos/generic_math/build/tests/test_generic_math
11/61 Testing: test_generic_math
11/61 Test: test_generic_math
Command: ""
Directory: /home/spinoza/github/repos/generic_math/build/tests
"test_generic_math" start time: 
Output:
----------------------------------------------------------
<end of output>
Test time =   0.00 sec
----------------------------------------------------------
Test Passed.
"test_generic_math" end time: Sep 23 21:42 CDT
"test_generic_math" time elapsed: 00:00:00
----------------------------------------------------------

Unable to find executable: /home/spinoza/github/repos/generic_math/build/tests/test_geometry
12/61 Testing: test_geometry
12/61 Test: test_geometry
Command: ""
Directory: /home/spinoza/github/repos/generic_math/build/tests
"test_geometry" start time: 
Output:
----------------------------------------------------------
<end of output>
Test time =   0.00 sec
----------------------------------------------------------
Test Passed.
"test_geometry" end time: Sep 23 21:42 CDT
"test_geometry" time elapsed: 00:00:00
----------------------------------------------------------

Unable to find executable: /home/spinoza/github/repos/generic_math/build/tests/test_innovations
13/61 Testing: test_innovations
13/61 Test: test_innovations
Command: ""
Directory: /home/spinoza/github/repos/generic_math/build/tests
"test_innovations" start time: 
Output:
----------------------------------------------------------
<end of output>
Test time =   0.00 sec
----------------------------------------------------------
Test Passed.
"test_innovations" end time: Sep 23 21:42 CDT
"test_innovations" time elapsed: 00:00:00
----------------------------------------------------------

Unable to find executable: /home/spinoza/github/repos/generic_math/build/tests/test_innovative
14/61 Testing: test_innovative
14/61 Test: test_innovative
Command: ""
Directory: /home/spinoza/github/repos/generic_math/build/tests
"test_innovative" start time: 
Output:
----------------------------------------------------------
<end of output>
Test time =   0.00 sec
----------------------------------------------------------
Test Passed.
"test_innovative" end time: Sep 23 21:42 CDT
"test_innovative" time elapsed: 00:00:00
----------------------------------------------------------

Unable to find executable: /home/spinoza/github/repos/generic_math/build/tests/test_integration
15/61 Testing: test_integration
15/61 Test: test_integration
Command: ""
Directory: /home/spinoza/github/repos/generic_math/build/tests
"test_integration" start time: 
Output:
----------------------------------------------------------
<end of output>
Test time =   0.00 sec
----------------------------------------------------------
Test Passed.
"test_integration" end time: Sep 23 21:42 CDT
"test_integration" time elapsed: 00:00:00
----------------------------------------------------------

Unable to find executable: /home/spinoza/github/repos/generic_math/build/tests/test_integrations
16/61 Testing: test_integrations
16/61 Test: test_integrations
Command: ""
Directory: /home/spinoza/github/repos/generic_math/build/tests
"test_integrations" start time: 
Output:
----------------------------------------------------------
<end of output>
Test time =   0.00 sec
----------------------------------------------------------
Test Passed.
"test_integrations" end time: Sep 23 21:42 CDT
"test_integrations" time elapsed: 00:00:00
----------------------------------------------------------

Unable to find executable: /home/spinoza/github/repos/generic_math/build/tests/test_iterators_ranges
17/61 Testing: test_iterators_ranges
17/61 Test: test_iterators_ranges
Command: ""
Directory: /home/spinoza/github/repos/generic_math/build/tests
"test_iterators_ranges" start time: 
Output:
----------------------------------------------------------
<end of output>
Test time =   0.00 sec
----------------------------------------------------------
Test Passed.
"test_iterators_ranges" end time: Sep 23 21:42 CDT
"test_iterators_ranges" time elapsed: 00:00:00
----------------------------------------------------------

Unable to find executable: /home/spinoza/github/repos/generic_math/build/tests/test_iterators_ranges_simple
18/61 Testing: test_iterators_ranges_simple
18/61 Test: test_iterators_ranges_simple
Command: ""
Directory: /home/spinoza/github/repos/generic_math/build/tests
"test_iterators_ranges_simple" start time: 
Output:
----------------------------------------------------------
<end of output>
Test time =   0.00 sec
----------------------------------------------------------
Test Passed.
"test_iterators_ranges_simple" end time: Sep 23 21:42 CDT
"test_iterators_ranges_simple" time elapsed: 00:00:00
----------------------------------------------------------

Unable to find executable: /home/spinoza/github/repos/generic_math/build/tests/test_matrix
19/61 Testing: test_matrix
19/61 Test: test_matrix
Command: ""
Directory: /home/spinoza/github/repos/generic_math/build/tests
"test_matrix" start time: 
Output:
----------------------------------------------------------
<end of output>
Test time =   0.00 sec
----------------------------------------------------------
Test Passed.
"test_matrix" end time: Sep 23 21:42 CDT
"test_matrix" time elapsed: 00:00:00
----------------------------------------------------------

Unable to find executable: /home/spinoza/github/repos/generic_math/build/tests/test_new_algorithms
20/61 Testing: test_new_algorithms
20/61 Test: test_new_algorithms
Command: ""
Directory: /home/spinoza/github/repos/generic_math/build/tests
"test_new_algorithms" start time: 
Output:
----------------------------------------------------------
<end of output>
Test time =   0.00 sec
----------------------------------------------------------
Test Passed.
"test_new_algorithms" end time: Sep 23 21:42 CDT
"test_new_algorithms" time elapsed: 00:00:00
----------------------------------------------------------

Unable to find executable: /home/spinoza/github/repos/generic_math/build/tests/test_numeric_types
21/61 Testing: test_numeric_types
21/61 Test: test_numeric_types
Command: ""
Directory: /home/spinoza/github/repos/generic_math/build/tests
"test_numeric_types" start time: 
Output:
----------------------------------------------------------
<end of output>
Test time =   0.00 sec
----------------------------------------------------------
Test Passed.
"test_numeric_types" end time: Sep 23 21:42 CDT
"test_numeric_types" time elapsed: 00:00:00
----------------------------------------------------------

Unable to find executable: /home/spinoza/github/repos/generic_math/build/tests/test_optimization_simple
22/61 Testing: test_optimization_simple
22/61 Test: test_optimization_simple
Command: ""
Directory: /home/spinoza/github/repos/generic_math/build/tests
"test_optimization_simple" start time: 
Output:
----------------------------------------------------------
<end of output>
Test time =   0.00 sec
----------------------------------------------------------
Test Passed.
"test_optimization_simple" end time: Sep 23 21:42 CDT
"test_optimization_simple" time elapsed: 00:00:00
----------------------------------------------------------

Unable to find executable: /home/spinoza/github/repos/generic_math/build/tests/test_random_enhanced
23/61 Testing: test_random_enhanced
23/61 Test: test_random_enhanced
Command: ""
Directory: /home/spinoza/github/repos/generic_math/build/tests
"test_random_enhanced" start time: 
Output:
----------------------------------------------------------
<end of output>
Test time =   0.00 sec
----------------------------------------------------------
Test Passed.
"test_random_enhanced" end time: Sep 23 21:42 CDT
"test_random_enhanced" time elapsed: 00:00:00
----------------------------------------------------------

Unable to find executable: /home/spinoza/github/repos/generic_math/build/tests/test_showcase
24/61 Testing: test_showcase
24/61 Test: test_showcase
Command: ""
Directory: /home/spinoza/github/repos/generic_math/build/tests
"test_showcase" start time: 
Output:
----------------------------------------------------------
<end of output>
Test time =   0.00 sec
----------------------------------------------------------
Test Passed.
"test_showcase" end time: Sep 23 21:42 CDT
"test_showcase" time elapsed: 00:00:00
----------------------------------------------------------

Unable to find executable: /home/spinoza/github/repos/generic_math/build/tests/test_simple_demo
25/61 Testing: test_simple_demo
25/61 Test: test_simple_demo
Command: ""
Directory: /home/spinoza/github/repos/generic_math/build/tests
"test_simple_demo" start time: 
Output:
----------------------------------------------------------
<end of output>
Test time =   0.00 sec
----------------------------------------------------------
Test Passed.
"test_simple_demo" end time: Sep 23 21:42 CDT
"test_simple_demo" time elapsed: 00:00:00
----------------------------------------------------------

Unable to find executable: /home/spinoza/github/repos/generic_math/build/tests/test_simple_math
26/61 Testing: test_simple_math
26/61 Test: test_simple_math
Command: ""
Directory: /home/spinoza/github/repos/generic_math/build/tests
"test_simple_math" start time: 
Output:
----------------------------------------------------------
<end of output>
Test time =   0.00 sec
----------------------------------------------------------
Test Passed.
"test_simple_math" end time: Sep 23 21:42 CDT
"test_simple_math" time elapsed: 00:00:00
----------------------------------------------------------

Unable to find executable: /home/spinoza/github/repos/generic_math/build/tests/test_single_allocator
27/61 Testing: test_single_allocator
27/61 Test: test_single_allocator
Command: ""
Directory: /home/spinoza/github/repos/generic_math/build/tests
"test_single_allocator" start time: 
Output:
----------------------------------------------------------
<end of output>
Test time =   0.00 sec
----------------------------------------------------------
Test Passed.
"test_single_allocator" end time: Sep 23 21:42 CDT
"test_single_allocator" time elapsed: 00:00:00
----------------------------------------------------------

Unable to find executable: /home/spinoza/github/repos/generic_math/build/tests/test_slab
28/61 Testing: test_slab
28/61 Test: test_slab
Command: ""
Directory: /home/spinoza/github/repos/generic_math/build/tests
"test_slab" start time: 
Output:
----------------------------------------------------------
<end of output>
Test time =   0.00 sec
----------------------------------------------------------
Test Passed.
"test_slab" end time: Sep 23 21:42 CDT
"test_slab" time elapsed: 00:00:00
----------------------------------------------------------

Unable to find executable: /home/spinoza/github/repos/generic_math/build/tests/test_string_algorithms
29/61 Testing: test_string_algorithms
29/61 Test: test_string_algorithms
Command: ""
Directory: /home/spinoza/github/repos/generic_math/build/tests
"test_string_algorithms" start time: 
Output:
----------------------------------------------------------
<end of output>
Test time =   0.00 sec
----------------------------------------------------------
Test Passed.
"test_string_algorithms" end time: Sep 23 21:42 CDT
"test_string_algorithms" time elapsed: 00:00:00
----------------------------------------------------------

Unable to find executable: /home/spinoza/github/repos/generic_math/build/tests/test_synchronization
30/61 Testing: test_synchronization
30/61 Test: test_synchronization
Command: ""
Directory: /home/spinoza/github/repos/generic_math/build/tests
"test_synchronization" start time: 
Output:
----------------------------------------------------------
<end of output>
Test time =   0.00 sec
----------------------------------------------------------
Test Passed.
"test_synchronization" end time: Sep 23 21:42 CDT
"test_synchronization" time elapsed: 00:00:00
----------------------------------------------------------

31/61 Testing: test_math
31/61 Test: test_math
Command: "/home/spinoza/github/repos/generic_math/build/tests/unit/test_math"
Directory: /home/spinoza/github/repos/generic_math/build/tests/unit
"test_math" start time: Sep 23 21:42 CDT
Output:
----------------------------------------------------------
Running main() from ./googletest/src/gtest_main.cc
[==========] Running 46 tests from 1 test suite.
[----------] Global test environment set-up.
[----------] 46 tests from MathTest
[ RUN      ] MathTest.ProductBasicCases
[       OK ] MathTest.ProductBasicCases (0 ms)
[ RUN      ] MathTest.ProductEdgeCases
[       OK ] MathTest.ProductEdgeCases (0 ms)
[ RUN      ] MathTest.ProductPowerOfTwo
[       OK ] MathTest.ProductPowerOfTwo (0 ms)
[ RUN      ] MathTest.ProductOddNumbers
[       OK ] MathTest.ProductOddNumbers (0 ms)
[ RUN      ] MathTest.ProductCommutative
[       OK ] MathTest.ProductCommutative (0 ms)
[ RUN      ] MathTest.ProductAssociative
[       OK ] MathTest.ProductAssociative (0 ms)
[ RUN      ] MathTest.SquareBasicCases
[       OK ] MathTest.SquareBasicCases (0 ms)
[ RUN      ] MathTest.SquareVsProduct
[       OK ] MathTest.SquareVsProduct (0 ms)
[ RUN      ] MathTest.PowerBasicCases
[       OK ] MathTest.PowerBasicCases (0 ms)
[ RUN      ] MathTest.PowerZeroBase
[       OK ] MathTest.PowerZeroBase (0 ms)
[ RUN      ] MathTest.PowerNegativeBase
[       OK ] MathTest.PowerNegativeBase (0 ms)
[ RUN      ] MathTest.PowerEfficientPath
[       OK ] MathTest.PowerEfficientPath (0 ms)
[ RUN      ] MathTest.PowerLaws
[       OK ] MathTest.PowerLaws (0 ms)
[ RUN      ] MathTest.SumBasicCases
[       OK ] MathTest.SumBasicCases (0 ms)
[ RUN      ] MathTest.SumNegativeNumbers
[       OK ] MathTest.SumNegativeNumbers (0 ms)
[ RUN      ] MathTest.SumIdentity
[       OK ] MathTest.SumIdentity (0 ms)
[ RUN      ] MathTest.SumCommutative
[       OK ] MathTest.SumCommutative (0 ms)
[ RUN      ] MathTest.SumAssociative
[       OK ] MathTest.SumAssociative (0 ms)
[ RUN      ] MathTest.SumEvenNumbers
[       OK ] MathTest.SumEvenNumbers (0 ms)
[ RUN      ] MathTest.SumOddNumbers
[       OK ] MathTest.SumOddNumbers (0 ms)
[ RUN      ] MathTest.SumMixedParity
[       OK ] MathTest.SumMixedParity (0 ms)
[ RUN      ] MathTest.PowerAccumulateBasic
[       OK ] MathTest.PowerAccumulateBasic (0 ms)
[ RUN      ] MathTest.PowerAccumulateWithInitialValue
[       OK ] MathTest.PowerAccumulateWithInitialValue (0 ms)
[ RUN      ] MathTest.PowerAccumulateEdgeCases
[       OK ] MathTest.PowerAccumulateEdgeCases (0 ms)
[ RUN      ] MathTest.PowerModBasic
[       OK ] MathTest.PowerModBasic (0 ms)
[ RUN      ] MathTest.PowerModLargeExponents
/home/spinoza/github/repos/generic_math/tests/unit/test_math.cpp:256: Failure
Expected equality of these values:
  power_mod(7, 50, 11)
    Which is: 1
  3

[  FAILED  ] MathTest.PowerModLargeExponents (0 ms)
[ RUN      ] MathTest.PowerModFermatLittleTheorem
[       OK ] MathTest.PowerModFermatLittleTheorem (0 ms)
[ RUN      ] MathTest.MultiplyAccumulateBasic
[       OK ] MathTest.MultiplyAccumulateBasic (0 ms)
[ RUN      ] MathTest.MultiplyAccumulateNegative
[       OK ] MathTest.MultiplyAccumulateNegative (0 ms)
[ RUN      ] MathTest.InnerProductBasic
[       OK ] MathTest.InnerProductBasic (0 ms)
[ RUN      ] MathTest.InnerProductWithInitialValue
[       OK ] MathTest.InnerProductWithInitialValue (0 ms)
[ RUN      ] MathTest.InnerProductEmptyVectors
[       OK ] MathTest.InnerProductEmptyVectors (0 ms)
[ RUN      ] MathTest.InnerProductSingleElement
[       OK ] MathTest.InnerProductSingleElement (0 ms)
[ RUN      ] MathTest.InnerProductOrthogonal
[       OK ] MathTest.InnerProductOrthogonal (0 ms)
[ RUN      ] MathTest.AbsBasic
[       OK ] MathTest.AbsBasic (0 ms)
[ RUN      ] MathTest.AbsEdgeCases
[       OK ] MathTest.AbsEdgeCases (0 ms)
[ RUN      ] MathTest.MinBasic
[       OK ] MathTest.MinBasic (0 ms)
[ RUN      ] MathTest.MaxBasic
[       OK ] MathTest.MaxBasic (0 ms)
[ RUN      ] MathTest.MinMaxProperties
[       OK ] MathTest.MinMaxProperties (0 ms)
[ RUN      ] MathTest.RemainderBasic
[       OK ] MathTest.RemainderBasic (0 ms)
[ RUN      ] MathTest.QuotientBasic
[       OK ] MathTest.QuotientBasic (0 ms)
[ RUN      ] MathTest.DivisionIdentity
[       OK ] MathTest.DivisionIdentity (0 ms)
[ RUN      ] MathTest.FloatingPointOperations
[       OK ] MathTest.FloatingPointOperations (0 ms)
[ RUN      ] MathTest.StressTestLargePowers
[       OK ] MathTest.StressTestLargePowers (0 ms)
[ RUN      ] MathTest.StressTestLargeModularPowers
[       OK ] MathTest.StressTestLargeModularPowers (0 ms)
[ RUN      ] MathTest.ConceptsSatisfied
[       OK ] MathTest.ConceptsSatisfied (0 ms)
[----------] 46 tests from MathTest (0 ms total)

[----------] Global test environment tear-down
[==========] 46 tests from 1 test suite ran. (0 ms total)
[  PASSED  ] 45 tests.
[  FAILED  ] 1 test, listed below:
[  FAILED  ] MathTest.PowerModLargeExponents

 1 FAILED TEST
<end of output>
Test time =   0.00 sec
----------------------------------------------------------
Test Failed.
"test_math" end time: Sep 23 21:42 CDT
"test_math" time elapsed: 00:00:00
----------------------------------------------------------

32/61 Testing: test_concepts
32/61 Test: test_concepts
Command: "/home/spinoza/github/repos/generic_math/build/tests/unit/test_concepts"
Directory: /home/spinoza/github/repos/generic_math/build/tests/unit
"test_concepts" start time: Sep 23 21:42 CDT
Output:
----------------------------------------------------------
Running main() from ./googletest/src/gtest_main.cc
[==========] Running 19 tests from 1 test suite.
[----------] Global test environment set-up.
[----------] 19 tests from ConceptsTest
[ RUN      ] ConceptsTest.FundamentalOperationConcepts
[       OK ] ConceptsTest.FundamentalOperationConcepts (0 ms)
[ RUN      ] ConceptsTest.RegularConcept
[       OK ] ConceptsTest.RegularConcept (0 ms)
[ RUN      ] ConceptsTest.AdditiveGroupConcept
[       OK ] ConceptsTest.AdditiveGroupConcept (0 ms)
[ RUN      ] ConceptsTest.MultiplicativeMonoidConcept
[       OK ] ConceptsTest.MultiplicativeMonoidConcept (0 ms)
[ RUN      ] ConceptsTest.RingConcept
[       OK ] ConceptsTest.RingConcept (0 ms)
[ RUN      ] ConceptsTest.IntegralDomainConcept
[       OK ] ConceptsTest.IntegralDomainConcept (0 ms)
[ RUN      ] ConceptsTest.EuclideanDomainConcept
[       OK ] ConceptsTest.EuclideanDomainConcept (0 ms)
[ RUN      ] ConceptsTest.FieldConcept
[       OK ] ConceptsTest.FieldConcept (0 ms)
[ RUN      ] ConceptsTest.TotallyOrderedConcept
[       OK ] ConceptsTest.TotallyOrderedConcept (0 ms)
[ RUN      ] ConceptsTest.OrderedRingConcept
[       OK ] ConceptsTest.OrderedRingConcept (0 ms)
[ RUN      ] ConceptsTest.OrderedFieldConcept
[       OK ] ConceptsTest.OrderedFieldConcept (0 ms)
[ RUN      ] ConceptsTest.IteratorConcepts
[       OK ] ConceptsTest.IteratorConcepts (0 ms)
[ RUN      ] ConceptsTest.AlgebraicConcept
[       OK ] ConceptsTest.AlgebraicConcept (0 ms)
[ RUN      ] ConceptsTest.FundamentalOperationsRuntime
[       OK ] ConceptsTest.FundamentalOperationsRuntime (0 ms)
[ RUN      ] ConceptsTest.EuclideanOperationsRuntime
[       OK ] ConceptsTest.EuclideanOperationsRuntime (0 ms)
[ RUN      ] ConceptsTest.AlgebraicOperationsRuntime
[       OK ] ConceptsTest.AlgebraicOperationsRuntime (0 ms)
[ RUN      ] ConceptsTest.ConceptNegativeTests
[       OK ] ConceptsTest.ConceptNegativeTests (0 ms)
[ RUN      ] ConceptsTest.ZeroAndIdentityElements
[       OK ] ConceptsTest.ZeroAndIdentityElements (0 ms)
[ RUN      ] ConceptsTest.ConceptComposition
[       OK ] ConceptsTest.ConceptComposition (0 ms)
[----------] 19 tests from ConceptsTest (0 ms total)

[----------] Global test environment tear-down
[==========] 19 tests from 1 test suite ran. (0 ms total)
[  PASSED  ] 19 tests.
<end of output>
Test time =   0.00 sec
----------------------------------------------------------
Test Passed.
"test_concepts" end time: Sep 23 21:42 CDT
"test_concepts" time elapsed: 00:00:00
----------------------------------------------------------

33/61 Testing: test_builtin_adaptors
33/61 Test: test_builtin_adaptors
Command: "/home/spinoza/github/repos/generic_math/build/tests/unit/test_builtin_adaptors"
Directory: /home/spinoza/github/repos/generic_math/build/tests/unit
"test_builtin_adaptors" start time: Sep 23 21:42 CDT
Output:
----------------------------------------------------------
Running main() from ./googletest/src/gtest_main.cc
[==========] Running 21 tests from 1 test suite.
[----------] Global test environment set-up.
[----------] 21 tests from BuiltinAdaptorsTest
[ RUN      ] BuiltinAdaptorsTest.IntegralEven
[       OK ] BuiltinAdaptorsTest.IntegralEven (0 ms)
[ RUN      ] BuiltinAdaptorsTest.IntegralTwice
[       OK ] BuiltinAdaptorsTest.IntegralTwice (0 ms)
[ RUN      ] BuiltinAdaptorsTest.IntegralHalf
[       OK ] BuiltinAdaptorsTest.IntegralHalf (0 ms)
[ RUN      ] BuiltinAdaptorsTest.IntegralIncrement
[       OK ] BuiltinAdaptorsTest.IntegralIncrement (0 ms)
[ RUN      ] BuiltinAdaptorsTest.IntegralDecrement
[       OK ] BuiltinAdaptorsTest.IntegralDecrement (0 ms)
[ RUN      ] BuiltinAdaptorsTest.FloatingPointEven
[       OK ] BuiltinAdaptorsTest.FloatingPointEven (0 ms)
[ RUN      ] BuiltinAdaptorsTest.FloatingPointTwice
[       OK ] BuiltinAdaptorsTest.FloatingPointTwice (0 ms)
[ RUN      ] BuiltinAdaptorsTest.FloatingPointHalf
[       OK ] BuiltinAdaptorsTest.FloatingPointHalf (0 ms)
[ RUN      ] BuiltinAdaptorsTest.FloatingPointIncrement
[       OK ] BuiltinAdaptorsTest.FloatingPointIncrement (0 ms)
[ RUN      ] BuiltinAdaptorsTest.FloatingPointDecrement
[       OK ] BuiltinAdaptorsTest.FloatingPointDecrement (0 ms)
[ RUN      ] BuiltinAdaptorsTest.IntegralQuotient
[       OK ] BuiltinAdaptorsTest.IntegralQuotient (0 ms)
[ RUN      ] BuiltinAdaptorsTest.IntegralRemainder
[       OK ] BuiltinAdaptorsTest.IntegralRemainder (0 ms)
[ RUN      ] BuiltinAdaptorsTest.FloorHalf
[       OK ] BuiltinAdaptorsTest.FloorHalf (0 ms)
[ RUN      ] BuiltinAdaptorsTest.Norm
[       OK ] BuiltinAdaptorsTest.Norm (0 ms)
[ RUN      ] BuiltinAdaptorsTest.TwiceHalfInvariant
[       OK ] BuiltinAdaptorsTest.TwiceHalfInvariant (0 ms)
[ RUN      ] BuiltinAdaptorsTest.IncrementDecrementInvariant
[       OK ] BuiltinAdaptorsTest.IncrementDecrementInvariant (0 ms)
[ RUN      ] BuiltinAdaptorsTest.QuotientRemainderIdentity
[       OK ] BuiltinAdaptorsTest.QuotientRemainderIdentity (0 ms)
[ RUN      ] BuiltinAdaptorsTest.EvenOddPartition
[       OK ] BuiltinAdaptorsTest.EvenOddPartition (0 ms)
[ RUN      ] BuiltinAdaptorsTest.ConstexprOperations
[       OK ] BuiltinAdaptorsTest.ConstexprOperations (0 ms)
[ RUN      ] BuiltinAdaptorsTest.TypeDeduction
[       OK ] BuiltinAdaptorsTest.TypeDeduction (0 ms)
[ RUN      ] BuiltinAdaptorsTest.EdgeCases
[       OK ] BuiltinAdaptorsTest.EdgeCases (0 ms)
[----------] 21 tests from BuiltinAdaptorsTest (0 ms total)

[----------] Global test environment tear-down
[==========] 21 tests from 1 test suite ran. (0 ms total)
[  PASSED  ] 21 tests.
<end of output>
Test time =   0.00 sec
----------------------------------------------------------
Test Passed.
"test_builtin_adaptors" end time: Sep 23 21:42 CDT
"test_builtin_adaptors" time elapsed: 00:00:00
----------------------------------------------------------

34/61 Testing: test_gcd
34/61 Test: test_gcd
Command: "/home/spinoza/github/repos/generic_math/build/tests/unit/test_gcd"
Directory: /home/spinoza/github/repos/generic_math/build/tests/unit
"test_gcd" start time: Sep 23 21:42 CDT
Output:
----------------------------------------------------------
Running main() from ./googletest/src/gtest_main.cc
[==========] Running 38 tests from 1 test suite.
[----------] Global test environment set-up.
[----------] 38 tests from GcdTest
[ RUN      ] GcdTest.BasicGcdCases
[       OK ] GcdTest.BasicGcdCases (0 ms)
[ RUN      ] GcdTest.GcdWithZero
/home/spinoza/github/repos/generic_math/tests/unit/test_gcd.cpp:50: Failure
Expected equality of these values:
  gcd(-10, 0)
    Which is: -10
  10

[  FAILED  ] GcdTest.GcdWithZero (0 ms)
[ RUN      ] GcdTest.GcdWithOne
[       OK ] GcdTest.GcdWithOne (0 ms)
[ RUN      ] GcdTest.GcdWithNegatives
[       OK ] GcdTest.GcdWithNegatives (0 ms)
[ RUN      ] GcdTest.GcdPrimeNumbers
[       OK ] GcdTest.GcdPrimeNumbers (0 ms)
[ RUN      ] GcdTest.GcdLargeNumbers
[       OK ] GcdTest.GcdLargeNumbers (0 ms)
[ RUN      ] GcdTest.GcdProperties
[       OK ] GcdTest.GcdProperties (0 ms)
[ RUN      ] GcdTest.BinaryGcdBasic
[       OK ] GcdTest.BinaryGcdBasic (0 ms)
[ RUN      ] GcdTest.BinaryGcdPowersOfTwo
[       OK ] GcdTest.BinaryGcdPowersOfTwo (0 ms)
[ RUN      ] GcdTest.BinaryGcdVsNormalGcd
[       OK ] GcdTest.BinaryGcdVsNormalGcd (0 ms)
[ RUN      ] GcdTest.BinaryGcdEdgeCases
[       OK ] GcdTest.BinaryGcdEdgeCases (0 ms)
[ RUN      ] GcdTest.ExtendedGcdBasic
[       OK ] GcdTest.ExtendedGcdBasic (0 ms)
[ RUN      ] GcdTest.ExtendedGcdCoprime
[       OK ] GcdTest.ExtendedGcdCoprime (0 ms)
[ RUN      ] GcdTest.ExtendedGcdBezoutIdentity
[       OK ] GcdTest.ExtendedGcdBezoutIdentity (0 ms)
[ RUN      ] GcdTest.ExtendedGcdWithZero
[       OK ] GcdTest.ExtendedGcdWithZero (0 ms)
[ RUN      ] GcdTest.LcmBasic
[       OK ] GcdTest.LcmBasic (0 ms)
[ RUN      ] GcdTest.LcmWithZero
[       OK ] GcdTest.LcmWithZero (0 ms)
[ RUN      ] GcdTest.LcmWithOne
[       OK ] GcdTest.LcmWithOne (0 ms)
[ RUN      ] GcdTest.LcmCoprime
[       OK ] GcdTest.LcmCoprime (0 ms)
[ RUN      ] GcdTest.LcmGcdRelation
[       OK ] GcdTest.LcmGcdRelation (0 ms)
[ RUN      ] GcdTest.GcdMultipleArgs
[       OK ] GcdTest.GcdMultipleArgs (0 ms)
[ RUN      ] GcdTest.LcmMultipleArgs
[       OK ] GcdTest.LcmMultipleArgs (0 ms)
[ RUN      ] GcdTest.CoprimeBasic
[       OK ] GcdTest.CoprimeBasic (0 ms)
[ RUN      ] GcdTest.CoprimeWithOne
[       OK ] GcdTest.CoprimeWithOne (0 ms)
[ RUN      ] GcdTest.GcdRangeBasic
[       OK ] GcdTest.GcdRangeBasic (0 ms)
[ RUN      ] GcdTest.GcdRangeEmpty
[       OK ] GcdTest.GcdRangeEmpty (0 ms)
[ RUN      ] GcdTest.GcdRangeSingle
[       OK ] GcdTest.GcdRangeSingle (0 ms)
[ RUN      ] GcdTest.GcdRangeEarlyExit
[       OK ] GcdTest.GcdRangeEarlyExit (0 ms)
[ RUN      ] GcdTest.ModInverseBasic
[       OK ] GcdTest.ModInverseBasic (0 ms)
[ RUN      ] GcdTest.ModInverseNoSolution
[       OK ] GcdTest.ModInverseNoSolution (0 ms)
[ RUN      ] GcdTest.ModInverseExhaustive
[       OK ] GcdTest.ModInverseExhaustive (0 ms)
[ RUN      ] GcdTest.CrtBasic
[       OK ] GcdTest.CrtBasic (0 ms)
[ RUN      ] GcdTest.CrtMultiple
[       OK ] GcdTest.CrtMultiple (0 ms)
[ RUN      ] GcdTest.CrtNoSolution
[       OK ] GcdTest.CrtNoSolution (0 ms)
[ RUN      ] GcdTest.CrtNonCoprime
/home/spinoza/github/repos/generic_math/tests/unit/test_gcd.cpp:394: Failure
Expected equality of these values:
  result.solution % 4
    Which is: -3
  1

/home/spinoza/github/repos/generic_math/tests/unit/test_gcd.cpp:395: Failure
Expected equality of these values:
  result.solution % 6
    Which is: -1
  5

[  FAILED  ] GcdTest.CrtNonCoprime (0 ms)
[ RUN      ] GcdTest.CrtEdgeCases
[       OK ] GcdTest.CrtEdgeCases (0 ms)
[ RUN      ] GcdTest.ConstexprGcd
[       OK ] GcdTest.ConstexprGcd (0 ms)
[ RUN      ] GcdTest.TypeDeduction
[       OK ] GcdTest.TypeDeduction (0 ms)
[----------] 38 tests from GcdTest (0 ms total)

[----------] Global test environment tear-down
[==========] 38 tests from 1 test suite ran. (0 ms total)
[  PASSED  ] 36 tests.
[  FAILED  ] 2 tests, listed below:
[  FAILED  ] GcdTest.GcdWithZero
[  FAILED  ] GcdTest.CrtNonCoprime

 2 FAILED TESTS
<end of output>
Test time =   0.00 sec
----------------------------------------------------------
Test Failed.
"test_gcd" end time: Sep 23 21:42 CDT
"test_gcd" time elapsed: 00:00:00
----------------------------------------------------------

Unable to find executable: /home/spinoza/github/repos/generic_math/build/tests/unit/test_mod
35/61 Testing: test_mod
35/61 Test: test_mod
Command: ""
Directory: /home/spinoza/github/repos/generic_math/build/tests/unit
"test_mod" start time: 
Output:
----------------------------------------------------------
<end of output>
Test time =   0.00 sec
----------------------------------------------------------
Test Passed.
"test_mod" end time: Sep 23 21:42 CDT
"test_mod" time elapsed: 00:00:00
----------------------------------------------------------

Unable to find executable: /home/spinoza/github/repos/generic_math/build/tests/unit/test_expmod
36/61 Testing: test_expmod
36/61 Test: test_expmod
Command: ""
Directory: /home/spinoza/github/repos/generic_math/build/tests/unit
"test_expmod" start time: 
Output:
----------------------------------------------------------
<end of output>
Test time =   0.00 sec
----------------------------------------------------------
Test Passed.
"test_expmod" end time: Sep 23 21:42 CDT
"test_expmod" time elapsed: 00:00:00
----------------------------------------------------------

Unable to find executable: /home/spinoza/github/repos/generic_math/build/tests/unit/test_primality
37/61 Testing: test_primality
37/61 Test: test_primality
Command: ""
Directory: /home/spinoza/github/repos/generic_math/build/tests/unit
"test_primality" start time: 
Output:
----------------------------------------------------------
<end of output>
Test time =   0.00 sec
----------------------------------------------------------
Test Passed.
"test_primality" end time: Sep 23 21:42 CDT
"test_primality" time elapsed: 00:00:00
----------------------------------------------------------

Unable to find executable: /home/spinoza/github/repos/generic_math/build/tests/unit/test_polynomial
38/61 Testing: test_polynomial
38/61 Test: test_polynomial
Command: ""
Directory: /home/spinoza/github/repos/generic_math/build/tests/unit
"test_polynomial" start time: 
Output:
----------------------------------------------------------
<end of output>
Test time =   0.00 sec
----------------------------------------------------------
Test Passed.
"test_polynomial" end time: Sep 23 21:42 CDT
"test_polynomial" time elapsed: 00:00:00
----------------------------------------------------------

Unable to find executable: /home/spinoza/github/repos/generic_math/build/tests/unit/test_bounded_nat
39/61 Testing: test_bounded_nat
39/61 Test: test_bounded_nat
Command: ""
Directory: /home/spinoza/github/repos/generic_math/build/tests/unit
"test_bounded_nat" start time: 
Output:
----------------------------------------------------------
<end of output>
Test time =   0.00 sec
----------------------------------------------------------
Test Passed.
"test_bounded_nat" end time: Sep 23 21:42 CDT
"test_bounded_nat" time elapsed: 00:00:00
----------------------------------------------------------

Unable to find executable: /home/spinoza/github/repos/generic_math/build/tests/unit/test_interval
40/61 Testing: test_interval
40/61 Test: test_interval
Command: ""
Directory: /home/spinoza/github/repos/generic_math/build/tests/unit
"test_interval" start time: 
Output:
----------------------------------------------------------
<end of output>
Test time =   0.00 sec
----------------------------------------------------------
Test Passed.
"test_interval" end time: Sep 23 21:42 CDT
"test_interval" time elapsed: 00:00:00
----------------------------------------------------------

Unable to find executable: /home/spinoza/github/repos/generic_math/build/tests/unit/test_continued_fraction
41/61 Testing: test_continued_fraction
41/61 Test: test_continued_fraction
Command: ""
Directory: /home/spinoza/github/repos/generic_math/build/tests/unit
"test_continued_fraction" start time: 
Output:
----------------------------------------------------------
<end of output>
Test time =   0.00 sec
----------------------------------------------------------
Test Passed.
"test_continued_fraction" end time: Sep 23 21:42 CDT
"test_continued_fraction" time elapsed: 00:00:00
----------------------------------------------------------

Unable to find executable: /home/spinoza/github/repos/generic_math/build/tests/unit/test_fenwick_tree
42/61 Testing: test_fenwick_tree
42/61 Test: test_fenwick_tree
Command: ""
Directory: /home/spinoza/github/repos/generic_math/build/tests/unit
"test_fenwick_tree" start time: 
Output:
----------------------------------------------------------
<end of output>
Test time =   0.00 sec
----------------------------------------------------------
Test Passed.
"test_fenwick_tree" end time: Sep 23 21:42 CDT
"test_fenwick_tree" time elapsed: 00:00:00
----------------------------------------------------------

Unable to find executable: /home/spinoza/github/repos/generic_math/build/tests/unit/test_sparse_matrix
43/61 Testing: test_sparse_matrix
43/61 Test: test_sparse_matrix
Command: ""
Directory: /home/spinoza/github/repos/generic_math/build/tests/unit
"test_sparse_matrix" start time: 
Output:
----------------------------------------------------------
<end of output>
Test time =   0.00 sec
----------------------------------------------------------
Test Passed.
"test_sparse_matrix" end time: Sep 23 21:42 CDT
"test_sparse_matrix" time elapsed: 00:00:00
----------------------------------------------------------

Unable to find executable: /home/spinoza/github/repos/generic_math/build/tests/unit/test_fft
44/61 Testing: test_fft
44/61 Test: test_fft
Command: ""
Directory: /home/spinoza/github/repos/generic_math/build/tests/unit
"test_fft" start time: 
Output:
----------------------------------------------------------
<end of output>
Test time =   0.00 sec
----------------------------------------------------------
Test Passed.
"test_fft" end time: Sep 23 21:42 CDT
"test_fft" time elapsed: 00:00:00
----------------------------------------------------------

Unable to find executable: /home/spinoza/github/repos/generic_math/build/tests/unit/test_padic
45/61 Testing: test_padic
45/61 Test: test_padic
Command: ""
Directory: /home/spinoza/github/repos/generic_math/build/tests/unit
"test_padic" start time: 
Output:
----------------------------------------------------------
<end of output>
Test time =   0.00 sec
----------------------------------------------------------
Test Passed.
"test_padic" end time: Sep 23 21:42 CDT
"test_padic" time elapsed: 00:00:00
----------------------------------------------------------

Unable to find executable: /home/spinoza/github/repos/generic_math/build/tests/unit/test_cache_oblivious
46/61 Testing: test_cache_oblivious
46/61 Test: test_cache_oblivious
Command: ""
Directory: /home/spinoza/github/repos/generic_math/build/tests/unit
"test_cache_oblivious" start time: 
Output:
----------------------------------------------------------
<end of output>
Test time =   0.00 sec
----------------------------------------------------------
Test Passed.
"test_cache_oblivious" end time: Sep 23 21:42 CDT
"test_cache_oblivious" time elapsed: 00:00:00
----------------------------------------------------------

Unable to find executable: /home/spinoza/github/repos/generic_math/build/tests/unit/test_groups
47/61 Testing: test_groups
47/61 Test: test_groups
Command: ""
Directory: /home/spinoza/github/repos/generic_math/build/tests/unit
"test_groups" start time: 
Output:
----------------------------------------------------------
<end of output>
Test time =   0.00 sec
----------------------------------------------------------
Test Passed.
"test_groups" end time: Sep 23 21:42 CDT
"test_groups" time elapsed: 00:00:00
----------------------------------------------------------

Unable to find executable: /home/spinoza/github/repos/generic_math/build/tests/unit/test_graph
48/61 Testing: test_graph
48/61 Test: test_graph
Command: ""
Directory: /home/spinoza/github/repos/generic_math/build/tests/unit
"test_graph" start time: 
Output:
----------------------------------------------------------
<end of output>
Test time =   0.00 sec
----------------------------------------------------------
Test Passed.
"test_graph" end time: Sep 23 21:42 CDT
"test_graph" time elapsed: 00:00:00
----------------------------------------------------------

Unable to find executable: /home/spinoza/github/repos/generic_math/build/tests/unit/test_type_erasure
49/61 Testing: test_type_erasure
49/61 Test: test_type_erasure
Command: ""
Directory: /home/spinoza/github/repos/generic_math/build/tests/unit
"test_type_erasure" start time: 
Output:
----------------------------------------------------------
<end of output>
Test time =   0.00 sec
----------------------------------------------------------
Test Passed.
"test_type_erasure" end time: Sep 23 21:42 CDT
"test_type_erasure" time elapsed: 00:00:00
----------------------------------------------------------

Unable to find executable: /home/spinoza/github/repos/generic_math/build/tests/unit/test_math_tools
50/61 Testing: test_math_tools
50/61 Test: test_math_tools
Command: ""
Directory: /home/spinoza/github/repos/generic_math/build/tests/unit
"test_math_tools" start time: 
Output:
----------------------------------------------------------
<end of output>
Test time =   0.00 sec
----------------------------------------------------------
Test Passed.
"test_math_tools" end time: Sep 23 21:42 CDT
"test_math_tools" time elapsed: 00:00:00
----------------------------------------------------------

Unable to find executable: /home/spinoza/github/repos/generic_math/build/tests/integration/test_algebraic_structures
51/61 Testing: test_algebraic_structures
51/61 Test: test_algebraic_structures
Command: ""
Directory: /home/spinoza/github/repos/generic_math/build/tests/integration
"test_algebraic_structures" start time: 
Output:
----------------------------------------------------------
<end of output>
Test time =   0.00 sec
----------------------------------------------------------
Test Passed.
"test_algebraic_structures" end time: Sep 23 21:42 CDT
"test_algebraic_structures" time elapsed: 00:00:00
----------------------------------------------------------

Unable to find executable: /home/spinoza/github/repos/generic_math/build/tests/integration/test_numerical_algorithms
52/61 Testing: test_numerical_algorithms
52/61 Test: test_numerical_algorithms
Command: ""
Directory: /home/spinoza/github/repos/generic_math/build/tests/integration
"test_numerical_algorithms" start time: 
Output:
----------------------------------------------------------
<end of output>
Test time =   0.00 sec
----------------------------------------------------------
Test Passed.
"test_numerical_algorithms" end time: Sep 23 21:42 CDT
"test_numerical_algorithms" time elapsed: 00:00:00
----------------------------------------------------------

Unable to find executable: /home/spinoza/github/repos/generic_math/build/tests/integration/test_polynomial_systems
53/61 Testing: test_polynomial_systems
53/61 Test: test_polynomial_systems
Command: ""
Directory: /home/spinoza/github/repos/generic_math/build/tests/integration
"test_polynomial_systems" start time: 
Output:
----------------------------------------------------------
<end of output>
Test time =   0.00 sec
----------------------------------------------------------
Test Passed.
"test_polynomial_systems" end time: Sep 23 21:42 CDT
"test_polynomial_systems" time elapsed: 00:00:00
----------------------------------------------------------

Unable to find executable: /home/spinoza/github/repos/generic_math/build/tests/integration/test_template_instantiation
54/61 Testing: test_template_instantiation
54/61 Test: test_template_instantiation
Command: ""
Directory: /home/spinoza/github/repos/generic_math/build/tests/integration
"test_template_instantiation" start time: 
Output:
----------------------------------------------------------
<end of output>
Test time =   0.00 sec
----------------------------------------------------------
Test Passed.
"test_template_instantiation" end time: Sep 23 21:42 CDT
"test_template_instantiation" time elapsed: 00:00:00
----------------------------------------------------------

Unable to find executable: /home/spinoza/github/repos/generic_math/build/tests/optimization/opt_test_all
55/61 Testing: opt_test_all
55/61 Test: opt_test_all
Command: ""
Directory: /home/spinoza/github/repos/generic_math/build/tests/optimization
"opt_test_all" start time: 
Output:
----------------------------------------------------------
<end of output>
Test time =   0.00 sec
----------------------------------------------------------
Test Passed.
"opt_test_all" end time: Sep 23 21:42 CDT
"opt_test_all" time elapsed: 00:00:00
----------------------------------------------------------

Unable to find executable: /home/spinoza/github/repos/generic_math/build/tests/optimization/opt_test_golden_section
56/61 Testing: opt_test_golden_section
56/61 Test: opt_test_golden_section
Command: ""
Directory: /home/spinoza/github/repos/generic_math/build/tests/optimization
"opt_test_golden_section" start time: 
Output:
----------------------------------------------------------
<end of output>
Test time =   0.00 sec
----------------------------------------------------------
Test Passed.
"opt_test_golden_section" end time: Sep 23 21:42 CDT
"opt_test_golden_section" time elapsed: 00:00:00
----------------------------------------------------------

Unable to find executable: /home/spinoza/github/repos/generic_math/build/tests/optimization/opt_test_gradient_descent
57/61 Testing: opt_test_gradient_descent
57/61 Test: opt_test_gradient_descent
Command: ""
Directory: /home/spinoza/github/repos/generic_math/build/tests/optimization
"opt_test_gradient_descent" start time: 
Output:
----------------------------------------------------------
<end of output>
Test time =   0.00 sec
----------------------------------------------------------
Test Passed.
"opt_test_gradient_descent" end time: Sep 23 21:42 CDT
"opt_test_gradient_descent" time elapsed: 00:00:00
----------------------------------------------------------

Unable to find executable: /home/spinoza/github/repos/generic_math/build/tests/optimization/opt_test_integration
58/61 Testing: opt_test_integration
58/61 Test: opt_test_integration
Command: ""
Directory: /home/spinoza/github/repos/generic_math/build/tests/optimization
"opt_test_integration" start time: 
Output:
----------------------------------------------------------
<end of output>
Test time =   0.00 sec
----------------------------------------------------------
Test Passed.
"opt_test_integration" end time: Sep 23 21:42 CDT
"opt_test_integration" time elapsed: 00:00:00
----------------------------------------------------------

Unable to find executable: /home/spinoza/github/repos/generic_math/build/tests/optimization/opt_test_newton
59/61 Testing: opt_test_newton
59/61 Test: opt_test_newton
Command: ""
Directory: /home/spinoza/github/repos/generic_math/build/tests/optimization
"opt_test_newton" start time: 
Output:
----------------------------------------------------------
<end of output>
Test time =   0.00 sec
----------------------------------------------------------
Test Passed.
"opt_test_newton" end time: Sep 23 21:42 CDT
"opt_test_newton" time elapsed: 00:00:00
----------------------------------------------------------

Unable to find executable: /home/spinoza/github/repos/generic_math/build/tests/optimization/opt_test_root_finding
60/61 Testing: opt_test_root_finding
60/61 Test: opt_test_root_finding
Command: ""
Directory: /home/spinoza/github/repos/generic_math/build/tests/optimization
"opt_test_root_finding" start time: 
Output:
----------------------------------------------------------
<end of output>
Test time =   0.00 sec
----------------------------------------------------------
Test Passed.
"opt_test_root_finding" end time: Sep 23 21:42 CDT
"opt_test_root_finding" time elapsed: 00:00:00
----------------------------------------------------------

Unable to find executable: /home/spinoza/github/repos/generic_math/build/tests/optimization/opt_test_simulated_annealing
61/61 Testing: opt_test_simulated_annealing
61/61 Test: opt_test_simulated_annealing
Command: ""
Directory: /home/spinoza/github/repos/generic_math/build/tests/optimization
"opt_test_simulated_annealing" start time: 
Output:
----------------------------------------------------------
<end of output>
Test time =   0.00 sec
----------------------------------------------------------
Test Passed.
"opt_test_simulated_annealing" end time: Sep 23 21:42 CDT
"opt_test_simulated_annealing" time elapsed: 00:00:00
----------------------------------------------------------

End testing: Sep 23 21:42 CDT

optimization =   0.00 sec*proc

stepanov =   0.80 sec*proc

